<?xml version="1.0" encoding="UTF-8"?>
<testsuite xmlns:xsi="http://www.w3.org/2001/XMLSchema-instance" xsi:noNamespaceSchemaLocation="https://maven.apache.org/surefire/maven-surefire-plugin/xsd/surefire-test-report-3.0.xsd" version="3.0" name="pl.edu.knbit.bitjava.StudentServiceTest" time="0.033" tests="2" errors="0" skipped="0" failures="0">
  <properties>
    <property name="java.specification.version" value="15"/>
    <property name="sun.jnu.encoding" value="UTF-8"/>
    <property name="java.class.path" value="/Users/kamildelekta/Documents/Programming/bit-java/zajecia/app-a/target/test-classes:/Users/kamildelekta/Documents/Programming/bit-java/zajecia/app-a/target/classes:/Users/kamildelekta/.m2/repository/pl/edu/knbit/bitjava/maven/1.0/maven-1.0.jar:/Users/kamildelekta/.m2/repository/org/junit/jupiter/junit-jupiter-api/5.7.0/junit-jupiter-api-5.7.0.jar:/Users/kamildelekta/.m2/repository/org/apiguardian/apiguardian-api/1.1.0/apiguardian-api-1.1.0.jar:/Users/kamildelekta/.m2/repository/org/opentest4j/opentest4j/1.2.0/opentest4j-1.2.0.jar:/Users/kamildelekta/.m2/repository/org/junit/platform/junit-platform-commons/1.7.0/junit-platform-commons-1.7.0.jar:/Users/kamildelekta/.m2/repository/org/junit/jupiter/junit-jupiter-params/5.7.0/junit-jupiter-params-5.7.0.jar:"/>
    <property name="java.vm.vendor" value="Oracle Corporation"/>
    <property name="sun.arch.data.model" value="64"/>
    <property name="java.vendor.url" value="https://java.oracle.com/"/>
    <property name="os.name" value="Mac OS X"/>
    <property name="java.vm.specification.version" value="15"/>
    <property name="sun.java.launcher" value="SUN_STANDARD"/>
    <property name="user.country" value="PL"/>
    <property name="sun.boot.library.path" value="/Users/kamildelekta/Library/Java/JavaVirtualMachines/openjdk-15/Contents/Home/lib"/>
    <property name="sun.java.command" value="/Users/kamildelekta/Documents/Programming/bit-java/zajecia/app-a/target/surefire/surefirebooter1919546514769336422.jar /Users/kamildelekta/Documents/Programming/bit-java/zajecia/app-a/target/surefire 2020-11-13T17-30-35_270-jvmRun1 surefire16731612322174376222tmp surefire_09780122215170234242tmp"/>
    <property name="http.nonProxyHosts" value="local|*.local|169.254/16|*.169.254/16"/>
    <property name="jdk.debug" value="release"/>
    <property name="surefire.test.class.path" value="/Users/kamildelekta/Documents/Programming/bit-java/zajecia/app-a/target/test-classes:/Users/kamildelekta/Documents/Programming/bit-java/zajecia/app-a/target/classes:/Users/kamildelekta/.m2/repository/pl/edu/knbit/bitjava/maven/1.0/maven-1.0.jar:/Users/kamildelekta/.m2/repository/org/junit/jupiter/junit-jupiter-api/5.7.0/junit-jupiter-api-5.7.0.jar:/Users/kamildelekta/.m2/repository/org/apiguardian/apiguardian-api/1.1.0/apiguardian-api-1.1.0.jar:/Users/kamildelekta/.m2/repository/org/opentest4j/opentest4j/1.2.0/opentest4j-1.2.0.jar:/Users/kamildelekta/.m2/repository/org/junit/platform/junit-platform-commons/1.7.0/junit-platform-commons-1.7.0.jar:/Users/kamildelekta/.m2/repository/org/junit/jupiter/junit-jupiter-params/5.7.0/junit-jupiter-params-5.7.0.jar:"/>
    <property name="sun.cpu.endian" value="little"/>
    <property name="user.home" value="/Users/kamildelekta"/>
    <property name="user.language" value="pl"/>
    <property name="java.specification.vendor" value="Oracle Corporation"/>
    <property name="java.version.date" value="2020-09-15"/>
    <property name="java.home" value="/Users/kamildelekta/Library/Java/JavaVirtualMachines/openjdk-15/Contents/Home"/>
    <property name="file.separator" value="/"/>
    <property name="basedir" value="/Users/kamildelekta/Documents/Programming/bit-java/zajecia/app-a"/>
    <property name="java.vm.compressedOopsMode" value="Zero based"/>
    <property name="line.separator" value="&#10;"/>
    <property name="java.specification.name" value="Java Platform API Specification"/>
    <property name="java.vm.specification.vendor" value="Oracle Corporation"/>
    <property name="surefire.real.class.path" value="/Users/kamildelekta/Documents/Programming/bit-java/zajecia/app-a/target/surefire/surefirebooter1919546514769336422.jar"/>
    <property name="sun.management.compiler" value="HotSpot 64-Bit Tiered Compilers"/>
    <property name="ftp.nonProxyHosts" value="local|*.local|169.254/16|*.169.254/16"/>
    <property name="java.runtime.version" value="15+36-1562"/>
    <property name="user.name" value="kamildelekta"/>
    <property name="path.separator" value=":"/>
    <property name="os.version" value="10.15.7"/>
    <property name="java.runtime.name" value="OpenJDK Runtime Environment"/>
    <property name="file.encoding" value="UTF-8"/>
    <property name="java.vm.name" value="OpenJDK 64-Bit Server VM"/>
    <property name="localRepository" value="/Users/kamildelekta/.m2/repository"/>
    <property name="java.vendor.url.bug" value="https://bugreport.java.com/bugreport/"/>
    <property name="java.io.tmpdir" value="/var/folders/vh/5dv49wtx38zblrhjrptpyg240000gn/T/"/>
    <property name="idea.version" value="2020.2.2"/>
    <property name="java.version" value="15"/>
    <property name="user.dir" value="/Users/kamildelekta/Documents/Programming/bit-java/zajecia/app-a"/>
    <property name="os.arch" value="x86_64"/>
    <property name="java.vm.specification.name" value="Java Virtual Machine Specification"/>
    <property name="java.library.path" value="/Users/kamildelekta/Library/Java/Extensions:/Library/Java/Extensions:/Network/Library/Java/Extensions:/System/Library/Java/Extensions:/usr/lib/java:."/>
    <property name="java.vm.info" value="mixed mode, sharing"/>
    <property name="java.vendor" value="Oracle Corporation"/>
    <property name="java.vm.version" value="15+36-1562"/>
    <property name="sun.io.unicode.encoding" value="UnicodeBig"/>
    <property name="socksNonProxyHosts" value="local|*.local|169.254/16|*.169.254/16"/>
    <property name="java.class.version" value="59.0"/>
  </properties>
  <testcase name="test1" classname="pl.edu.knbit.bitjava.StudentServiceTest" time="0.017"/>
  <testcase name="test2" classname="pl.edu.knbit.bitjava.StudentServiceTest" time="0.001"/>
</testsuite>